2017-01-04 09:21:38,595 [main] INFO  com.alibaba.druid.pool.DruidDataSource - {dataSource-1} inited
2017-01-04 10:16:50,503 [main] INFO  com.alibaba.druid.pool.DruidDataSource - {dataSource-1} inited
2017-01-04 11:15:13,521 [main] INFO  com.alibaba.druid.pool.DruidDataSource - {dataSource-1} inited
2017-01-04 11:29:44,075 [main] INFO  com.alibaba.druid.pool.DruidDataSource - {dataSource-1} inited
2017-01-04 11:34:48,540 [main] INFO  com.alibaba.druid.pool.DruidDataSource - {dataSource-1} inited
2017-01-04 16:08:25,648 [main] INFO  com.alibaba.druid.pool.DruidDataSource - {dataSource-1} inited
2017-01-04 16:09:05,620 [main] INFO  com.alibaba.druid.pool.DruidDataSource - {dataSource-1} inited
2017-01-04 16:09:54,499 [main] INFO  com.alibaba.druid.pool.DruidDataSource - {dataSource-1} inited
2017-01-04 16:10:37,660 [qtp533398008-50] DEBUG com.ldsh.blog.system.mapper.ClientUserMapper.selectByExample - ==>  Preparing: select ID, BCU_USER_NAME, BCU_PASSWORD, BCU_NAME, BCU_SEX, BCU_ADDRESS, BCU_DIRTHDAY, BCU_MOBILE, BCU_MAIL, BCU_WECHAT, BCU_STATUS, BCU_SKETCH, BCU_ENCRYPT_SALT, BCU_CREATE_TIME, BCU_OPERATE_TIME, BCU_ACTIVATE_TIME, BCU_PASSWORD_MODIFY_TIME from blog_client_user WHERE ( BCU_MAIL = ? ) 
2017-01-04 16:10:38,008 [qtp533398008-50] DEBUG com.ldsh.blog.system.mapper.ClientUserMapper.selectByExample - ==> Parameters: 740641026@qq.com(String)
2017-01-04 16:10:38,708 [qtp533398008-50] DEBUG com.ldsh.blog.system.mapper.ClientUserMapper.selectByExample - <==      Total: 0
2017-01-04 16:10:40,578 [qtp533398008-50] DEBUG com.ldsh.blog.system.mapper.ClientUserMapper.selectByExample - ==>  Preparing: select ID, BCU_USER_NAME, BCU_PASSWORD, BCU_NAME, BCU_SEX, BCU_ADDRESS, BCU_DIRTHDAY, BCU_MOBILE, BCU_MAIL, BCU_WECHAT, BCU_STATUS, BCU_SKETCH, BCU_ENCRYPT_SALT, BCU_CREATE_TIME, BCU_OPERATE_TIME, BCU_ACTIVATE_TIME, BCU_PASSWORD_MODIFY_TIME from blog_client_user WHERE ( BCU_USER_NAME = ? ) 
2017-01-04 16:10:40,579 [qtp533398008-50] DEBUG com.ldsh.blog.system.mapper.ClientUserMapper.selectByExample - ==> Parameters: 绝尘私欲(String)
2017-01-04 16:10:40,581 [qtp533398008-50] DEBUG com.ldsh.blog.system.mapper.ClientUserMapper.selectByExample - <==      Total: 0
2017-01-04 16:10:40,605 [qtp533398008-50] DEBUG com.ldsh.blog.system.mapper.ClientUserMapper.insert!selectKey - ==>  Preparing: select replace(uuid(), '-', '') 
2017-01-04 16:10:40,605 [qtp533398008-50] DEBUG com.ldsh.blog.system.mapper.ClientUserMapper.insert!selectKey - ==> Parameters: 
2017-01-04 16:10:40,632 [qtp533398008-50] DEBUG com.ldsh.blog.system.mapper.ClientUserMapper.insert!selectKey - <==      Total: 1
2017-01-04 16:10:40,633 [qtp533398008-50] DEBUG com.ldsh.blog.system.mapper.ClientUserMapper.insert - ==>  Preparing: insert into blog_client_user (ID, BCU_USER_NAME, BCU_PASSWORD, BCU_NAME, BCU_SEX, BCU_ADDRESS, BCU_DIRTHDAY, BCU_MOBILE, BCU_MAIL, BCU_WECHAT, BCU_STATUS, BCU_SKETCH, BCU_ENCRYPT_SALT, BCU_CREATE_TIME, BCU_OPERATE_TIME, BCU_ACTIVATE_TIME, BCU_PASSWORD_MODIFY_TIME) values (?, ?, ?, ?, ?, ?, ?, ?, ?, ?, ?, ?, ?, ?, ?, ?, ?) 
2017-01-04 16:10:40,636 [qtp533398008-50] DEBUG com.ldsh.blog.system.mapper.ClientUserMapper.insert - ==> Parameters: 4803cd05d25511e69562fcaa14e16be9(String), 绝尘私欲(String), 6097bd0066d37da09156fa7bccc4e50a(String), null, null, null, null, null, 740641026@qq.com(String), null, null, null, 8b3e747300afbbe7930bdb4713000667(String), 2017-01-04 16:10:40.604(Timestamp), 2017-01-04 16:10:40.604(Timestamp), null, null
2017-01-04 16:10:40,700 [qtp533398008-50] DEBUG com.ldsh.blog.system.mapper.ClientUserMapper.insert - <==    Updates: 1
2017-01-04 16:16:33,810 [main] INFO  com.alibaba.druid.pool.DruidDataSource - {dataSource-1} inited
2017-01-04 16:21:17,767 [qtp1104820974-52] DEBUG com.ldsh.blog.system.mapper.ClientUserMapper.selectByExample - ==>  Preparing: select ID, BCU_USER_NAME, BCU_PASSWORD, BCU_NAME, BCU_SEX, BCU_ADDRESS, BCU_DIRTHDAY, BCU_MOBILE, BCU_MAIL, BCU_WECHAT, BCU_STATUS, BCU_SKETCH, BCU_ENCRYPT_SALT, BCU_CREATE_TIME, BCU_OPERATE_TIME, BCU_ACTIVATE_TIME, BCU_PASSWORD_MODIFY_TIME from blog_client_user WHERE ( BCU_MAIL = ? ) 
2017-01-04 16:21:17,801 [qtp1104820974-52] DEBUG com.ldsh.blog.system.mapper.ClientUserMapper.selectByExample - ==> Parameters: 740641026@qq.com(String)
2017-01-04 16:21:17,856 [qtp1104820974-52] DEBUG com.ldsh.blog.system.mapper.ClientUserMapper.selectByExample - <==      Total: 1
2017-01-04 16:21:55,798 [qtp1104820974-52] DEBUG com.ldsh.blog.system.mapper.ClientUserMapper.selectByExample - ==>  Preparing: select ID, BCU_USER_NAME, BCU_PASSWORD, BCU_NAME, BCU_SEX, BCU_ADDRESS, BCU_DIRTHDAY, BCU_MOBILE, BCU_MAIL, BCU_WECHAT, BCU_STATUS, BCU_SKETCH, BCU_ENCRYPT_SALT, BCU_CREATE_TIME, BCU_OPERATE_TIME, BCU_ACTIVATE_TIME, BCU_PASSWORD_MODIFY_TIME from blog_client_user WHERE ( BCU_MAIL = ? ) 
2017-01-04 16:21:55,799 [qtp1104820974-52] DEBUG com.ldsh.blog.system.mapper.ClientUserMapper.selectByExample - ==> Parameters: 740641026@qq.com(String)
2017-01-04 16:21:55,803 [qtp1104820974-52] DEBUG com.ldsh.blog.system.mapper.ClientUserMapper.selectByExample - <==      Total: 1
2017-01-04 16:34:58,209 [main] INFO  com.alibaba.druid.pool.DruidDataSource - {dataSource-1} inited
2017-01-04 16:38:48,095 [main] INFO  com.alibaba.druid.pool.DruidDataSource - {dataSource-1} inited
2017-01-04 16:45:33,352 [qtp1432535753-64] DEBUG com.ldsh.blog.system.mapper.AdminUserMapper.selectByExample - ==>  Preparing: select ID, BAU_USER_NAME, BAU_PASSWORD, BAU_NAME, BAU_SEX, BAU_ADDRESS, BAU_DIRTHDAY, BAU_MOBILE, BAU_MAIL, BAU_WECHAT, BAU_SKETCH, BAU_STATUS, BAU_ENCRYPT_SALT, BAU_CREATE_TIME, BAU_OPERATE_TIME, BAU_ACTIVATE_TIME, BAU_PASSWORD_MODIFY_TIME from blog_admin_user WHERE ( BAU_MAIL = ? ) 
2017-01-04 16:45:33,399 [qtp1432535753-64] DEBUG com.ldsh.blog.system.mapper.AdminUserMapper.selectByExample - ==> Parameters: 740641026@qq.com(String)
2017-01-04 16:45:33,565 [qtp1432535753-64] DEBUG com.ldsh.blog.system.mapper.AdminUserMapper.selectByExample - <==      Total: 0
2017-01-04 16:45:33,568 [qtp1432535753-64] DEBUG com.ldsh.blog.system.mapper.AdminUserMapper.selectByExample - ==>  Preparing: select ID, BAU_USER_NAME, BAU_PASSWORD, BAU_NAME, BAU_SEX, BAU_ADDRESS, BAU_DIRTHDAY, BAU_MOBILE, BAU_MAIL, BAU_WECHAT, BAU_SKETCH, BAU_STATUS, BAU_ENCRYPT_SALT, BAU_CREATE_TIME, BAU_OPERATE_TIME, BAU_ACTIVATE_TIME, BAU_PASSWORD_MODIFY_TIME from blog_admin_user WHERE ( BAU_USER_NAME = ? ) 
2017-01-04 16:45:33,569 [qtp1432535753-64] DEBUG com.ldsh.blog.system.mapper.AdminUserMapper.selectByExample - ==> Parameters: 罗晴天(String)
2017-01-04 16:45:33,570 [qtp1432535753-64] DEBUG com.ldsh.blog.system.mapper.AdminUserMapper.selectByExample - <==      Total: 0
2017-01-04 16:45:33,587 [qtp1432535753-64] DEBUG com.ldsh.blog.system.mapper.AdminUserMapper.insert!selectKey - ==>  Preparing: select replace(uuid(), '-', '') 
2017-01-04 16:45:33,588 [qtp1432535753-64] DEBUG com.ldsh.blog.system.mapper.AdminUserMapper.insert!selectKey - ==> Parameters: 
2017-01-04 16:45:33,598 [qtp1432535753-64] DEBUG com.ldsh.blog.system.mapper.AdminUserMapper.insert!selectKey - <==      Total: 1
2017-01-04 16:45:33,599 [qtp1432535753-64] DEBUG com.ldsh.blog.system.mapper.AdminUserMapper.insert - ==>  Preparing: insert into blog_admin_user (ID, BAU_USER_NAME, BAU_PASSWORD, BAU_NAME, BAU_SEX, BAU_ADDRESS, BAU_DIRTHDAY, BAU_MOBILE, BAU_MAIL, BAU_WECHAT, BAU_SKETCH, BAU_STATUS, BAU_ENCRYPT_SALT, BAU_CREATE_TIME, BAU_OPERATE_TIME, BAU_ACTIVATE_TIME, BAU_PASSWORD_MODIFY_TIME) values (?, ?, ?, ?, ?, ?, ?, ?, ?, ?, ?, ?, ?, ?, ?, ?, ?) 
2017-01-04 16:45:33,605 [qtp1432535753-64] DEBUG com.ldsh.blog.system.mapper.AdminUserMapper.insert - ==> Parameters: 2781e396d25a11e69562fcaa14e16be9(String), 罗晴天(String), 49bb75355132fda0297884cf6531a042(String), null, null, null, null, null, 740641026@qq.com(String), null, null, null, 2c177d05f17ea23defe3de5b61deab94(String), 2017-01-04 16:45:33.586(Timestamp), 2017-01-04 16:45:33.586(Timestamp), null, null
2017-01-04 16:45:33,899 [qtp1432535753-64] DEBUG com.ldsh.blog.system.mapper.AdminUserMapper.insert - <==    Updates: 1
2017-01-04 16:45:51,856 [qtp1432535753-47] DEBUG com.ldsh.blog.system.mapper.AdminUserMapper.selectByExample - ==>  Preparing: select ID, BAU_USER_NAME, BAU_PASSWORD, BAU_NAME, BAU_SEX, BAU_ADDRESS, BAU_DIRTHDAY, BAU_MOBILE, BAU_MAIL, BAU_WECHAT, BAU_SKETCH, BAU_STATUS, BAU_ENCRYPT_SALT, BAU_CREATE_TIME, BAU_OPERATE_TIME, BAU_ACTIVATE_TIME, BAU_PASSWORD_MODIFY_TIME from blog_admin_user WHERE ( BAU_MAIL = ? ) 
2017-01-04 16:45:51,857 [qtp1432535753-47] DEBUG com.ldsh.blog.system.mapper.AdminUserMapper.selectByExample - ==> Parameters: 740641026@qq.com(String)
2017-01-04 16:45:51,873 [qtp1432535753-47] DEBUG com.ldsh.blog.system.mapper.AdminUserMapper.selectByExample - <==      Total: 1
2017-01-04 16:45:52,907 [qtp1432535753-64] DEBUG com.ldsh.blog.system.mapper.AdminUserMapper.selectByExample - ==>  Preparing: select ID, BAU_USER_NAME, BAU_PASSWORD, BAU_NAME, BAU_SEX, BAU_ADDRESS, BAU_DIRTHDAY, BAU_MOBILE, BAU_MAIL, BAU_WECHAT, BAU_SKETCH, BAU_STATUS, BAU_ENCRYPT_SALT, BAU_CREATE_TIME, BAU_OPERATE_TIME, BAU_ACTIVATE_TIME, BAU_PASSWORD_MODIFY_TIME from blog_admin_user WHERE ( BAU_MAIL = ? ) 
2017-01-04 16:45:52,908 [qtp1432535753-64] DEBUG com.ldsh.blog.system.mapper.AdminUserMapper.selectByExample - ==> Parameters: 740641026@qq.com(String)
2017-01-04 16:45:52,917 [qtp1432535753-64] DEBUG com.ldsh.blog.system.mapper.AdminUserMapper.selectByExample - <==      Total: 1
2017-01-04 16:45:53,086 [qtp1432535753-48] DEBUG com.ldsh.blog.system.mapper.AdminUserMapper.selectByExample - ==>  Preparing: select ID, BAU_USER_NAME, BAU_PASSWORD, BAU_NAME, BAU_SEX, BAU_ADDRESS, BAU_DIRTHDAY, BAU_MOBILE, BAU_MAIL, BAU_WECHAT, BAU_SKETCH, BAU_STATUS, BAU_ENCRYPT_SALT, BAU_CREATE_TIME, BAU_OPERATE_TIME, BAU_ACTIVATE_TIME, BAU_PASSWORD_MODIFY_TIME from blog_admin_user WHERE ( BAU_MAIL = ? ) 
2017-01-04 16:45:53,087 [qtp1432535753-48] DEBUG com.ldsh.blog.system.mapper.AdminUserMapper.selectByExample - ==> Parameters: 740641026@qq.com(String)
2017-01-04 16:45:53,089 [qtp1432535753-48] DEBUG com.ldsh.blog.system.mapper.AdminUserMapper.selectByExample - <==      Total: 1
2017-01-04 16:45:53,495 [qtp1432535753-46] DEBUG com.ldsh.blog.system.mapper.AdminUserMapper.selectByExample - ==>  Preparing: select ID, BAU_USER_NAME, BAU_PASSWORD, BAU_NAME, BAU_SEX, BAU_ADDRESS, BAU_DIRTHDAY, BAU_MOBILE, BAU_MAIL, BAU_WECHAT, BAU_SKETCH, BAU_STATUS, BAU_ENCRYPT_SALT, BAU_CREATE_TIME, BAU_OPERATE_TIME, BAU_ACTIVATE_TIME, BAU_PASSWORD_MODIFY_TIME from blog_admin_user WHERE ( BAU_MAIL = ? ) 
2017-01-04 16:45:53,495 [qtp1432535753-46] DEBUG com.ldsh.blog.system.mapper.AdminUserMapper.selectByExample - ==> Parameters: 740641026@qq.com(String)
2017-01-04 16:45:53,497 [qtp1432535753-46] DEBUG com.ldsh.blog.system.mapper.AdminUserMapper.selectByExample - <==      Total: 1
2017-01-04 16:45:53,690 [qtp1432535753-51] DEBUG com.ldsh.blog.system.mapper.AdminUserMapper.selectByExample - ==>  Preparing: select ID, BAU_USER_NAME, BAU_PASSWORD, BAU_NAME, BAU_SEX, BAU_ADDRESS, BAU_DIRTHDAY, BAU_MOBILE, BAU_MAIL, BAU_WECHAT, BAU_SKETCH, BAU_STATUS, BAU_ENCRYPT_SALT, BAU_CREATE_TIME, BAU_OPERATE_TIME, BAU_ACTIVATE_TIME, BAU_PASSWORD_MODIFY_TIME from blog_admin_user WHERE ( BAU_MAIL = ? ) 
2017-01-04 16:45:53,691 [qtp1432535753-51] DEBUG com.ldsh.blog.system.mapper.AdminUserMapper.selectByExample - ==> Parameters: 740641026@qq.com(String)
2017-01-04 16:45:53,693 [qtp1432535753-51] DEBUG com.ldsh.blog.system.mapper.AdminUserMapper.selectByExample - <==      Total: 1
2017-01-04 16:45:53,888 [qtp1432535753-61] DEBUG com.ldsh.blog.system.mapper.AdminUserMapper.selectByExample - ==>  Preparing: select ID, BAU_USER_NAME, BAU_PASSWORD, BAU_NAME, BAU_SEX, BAU_ADDRESS, BAU_DIRTHDAY, BAU_MOBILE, BAU_MAIL, BAU_WECHAT, BAU_SKETCH, BAU_STATUS, BAU_ENCRYPT_SALT, BAU_CREATE_TIME, BAU_OPERATE_TIME, BAU_ACTIVATE_TIME, BAU_PASSWORD_MODIFY_TIME from blog_admin_user WHERE ( BAU_MAIL = ? ) 
2017-01-04 16:45:53,889 [qtp1432535753-61] DEBUG com.ldsh.blog.system.mapper.AdminUserMapper.selectByExample - ==> Parameters: 740641026@qq.com(String)
2017-01-04 16:45:53,892 [qtp1432535753-61] DEBUG com.ldsh.blog.system.mapper.AdminUserMapper.selectByExample - <==      Total: 1
2017-01-04 16:45:54,038 [qtp1432535753-47] DEBUG com.ldsh.blog.system.mapper.AdminUserMapper.selectByExample - ==>  Preparing: select ID, BAU_USER_NAME, BAU_PASSWORD, BAU_NAME, BAU_SEX, BAU_ADDRESS, BAU_DIRTHDAY, BAU_MOBILE, BAU_MAIL, BAU_WECHAT, BAU_SKETCH, BAU_STATUS, BAU_ENCRYPT_SALT, BAU_CREATE_TIME, BAU_OPERATE_TIME, BAU_ACTIVATE_TIME, BAU_PASSWORD_MODIFY_TIME from blog_admin_user WHERE ( BAU_MAIL = ? ) 
2017-01-04 16:45:54,039 [qtp1432535753-47] DEBUG com.ldsh.blog.system.mapper.AdminUserMapper.selectByExample - ==> Parameters: 740641026@qq.com(String)
2017-01-04 16:45:54,041 [qtp1432535753-47] DEBUG com.ldsh.blog.system.mapper.AdminUserMapper.selectByExample - <==      Total: 1
2017-01-04 16:45:54,221 [qtp1432535753-64] DEBUG com.ldsh.blog.system.mapper.AdminUserMapper.selectByExample - ==>  Preparing: select ID, BAU_USER_NAME, BAU_PASSWORD, BAU_NAME, BAU_SEX, BAU_ADDRESS, BAU_DIRTHDAY, BAU_MOBILE, BAU_MAIL, BAU_WECHAT, BAU_SKETCH, BAU_STATUS, BAU_ENCRYPT_SALT, BAU_CREATE_TIME, BAU_OPERATE_TIME, BAU_ACTIVATE_TIME, BAU_PASSWORD_MODIFY_TIME from blog_admin_user WHERE ( BAU_MAIL = ? ) 
2017-01-04 16:45:54,223 [qtp1432535753-64] DEBUG com.ldsh.blog.system.mapper.AdminUserMapper.selectByExample - ==> Parameters: 740641026@qq.com(String)
2017-01-04 16:45:54,225 [qtp1432535753-64] DEBUG com.ldsh.blog.system.mapper.AdminUserMapper.selectByExample - <==      Total: 1
2017-01-04 16:59:30,293 [qtp1432535753-67] DEBUG com.ldsh.blog.system.mapper.ClientUserMapper.selectByExample - ==>  Preparing: select ID, BCU_USER_NAME, BCU_PASSWORD, BCU_NAME, BCU_SEX, BCU_ADDRESS, BCU_DIRTHDAY, BCU_MOBILE, BCU_MAIL, BCU_WECHAT, BCU_STATUS, BCU_SKETCH, BCU_ENCRYPT_SALT, BCU_CREATE_TIME, BCU_OPERATE_TIME, BCU_ACTIVATE_TIME, BCU_PASSWORD_MODIFY_TIME from blog_client_user WHERE ( BCU_MAIL = ? ) 
2017-01-04 16:59:30,295 [qtp1432535753-67] DEBUG com.ldsh.blog.system.mapper.ClientUserMapper.selectByExample - ==> Parameters: 740641026@qq.com(String)
2017-01-04 16:59:30,375 [qtp1432535753-67] DEBUG com.ldsh.blog.system.mapper.ClientUserMapper.selectByExample - <==      Total: 1
2017-01-04 17:00:42,669 [qtp1432535753-67] DEBUG com.ldsh.blog.system.mapper.ClientUserMapper.selectByExample - ==>  Preparing: select ID, BCU_USER_NAME, BCU_PASSWORD, BCU_NAME, BCU_SEX, BCU_ADDRESS, BCU_DIRTHDAY, BCU_MOBILE, BCU_MAIL, BCU_WECHAT, BCU_STATUS, BCU_SKETCH, BCU_ENCRYPT_SALT, BCU_CREATE_TIME, BCU_OPERATE_TIME, BCU_ACTIVATE_TIME, BCU_PASSWORD_MODIFY_TIME from blog_client_user WHERE ( BCU_MAIL = ? ) 
2017-01-04 17:00:42,669 [qtp1432535753-67] DEBUG com.ldsh.blog.system.mapper.ClientUserMapper.selectByExample - ==> Parameters: 18166043874@qq.com(String)
2017-01-04 17:00:42,671 [qtp1432535753-67] DEBUG com.ldsh.blog.system.mapper.ClientUserMapper.selectByExample - <==      Total: 0
2017-01-04 17:00:42,672 [qtp1432535753-67] DEBUG com.ldsh.blog.system.mapper.ClientUserMapper.selectByExample - ==>  Preparing: select ID, BCU_USER_NAME, BCU_PASSWORD, BCU_NAME, BCU_SEX, BCU_ADDRESS, BCU_DIRTHDAY, BCU_MOBILE, BCU_MAIL, BCU_WECHAT, BCU_STATUS, BCU_SKETCH, BCU_ENCRYPT_SALT, BCU_CREATE_TIME, BCU_OPERATE_TIME, BCU_ACTIVATE_TIME, BCU_PASSWORD_MODIFY_TIME from blog_client_user WHERE ( BCU_USER_NAME = ? ) 
2017-01-04 17:00:42,673 [qtp1432535753-67] DEBUG com.ldsh.blog.system.mapper.ClientUserMapper.selectByExample - ==> Parameters: 论倾添(String)
2017-01-04 17:00:42,674 [qtp1432535753-67] DEBUG com.ldsh.blog.system.mapper.ClientUserMapper.selectByExample - <==      Total: 0
2017-01-04 17:00:42,677 [qtp1432535753-67] DEBUG com.ldsh.blog.system.mapper.ClientUserMapper.insert!selectKey - ==>  Preparing: select replace(uuid(), '-', '') 
2017-01-04 17:00:42,678 [qtp1432535753-67] DEBUG com.ldsh.blog.system.mapper.ClientUserMapper.insert!selectKey - ==> Parameters: 
2017-01-04 17:00:42,683 [qtp1432535753-67] DEBUG com.ldsh.blog.system.mapper.ClientUserMapper.insert!selectKey - <==      Total: 1
2017-01-04 17:00:42,684 [qtp1432535753-67] DEBUG com.ldsh.blog.system.mapper.ClientUserMapper.insert - ==>  Preparing: insert into blog_client_user (ID, BCU_USER_NAME, BCU_PASSWORD, BCU_NAME, BCU_SEX, BCU_ADDRESS, BCU_DIRTHDAY, BCU_MOBILE, BCU_MAIL, BCU_WECHAT, BCU_STATUS, BCU_SKETCH, BCU_ENCRYPT_SALT, BCU_CREATE_TIME, BCU_OPERATE_TIME, BCU_ACTIVATE_TIME, BCU_PASSWORD_MODIFY_TIME) values (?, ?, ?, ?, ?, ?, ?, ?, ?, ?, ?, ?, ?, ?, ?, ?, ?) 
2017-01-04 17:00:42,687 [qtp1432535753-67] DEBUG com.ldsh.blog.system.mapper.ClientUserMapper.insert - ==> Parameters: 455d2c30d25c11e69562fcaa14e16be9(String), 论倾添(String), 37e5897889511aedbfe63c58c5be0c8d(String), null, null, null, null, null, 18166043874@qq.com(String), null, null, null, 152f4f2990e334c2e01a579dca331291(String), 2017-01-04 17:00:42.675(Timestamp), 2017-01-04 17:00:42.675(Timestamp), null, null
2017-01-04 17:00:42,800 [qtp1432535753-67] DEBUG com.ldsh.blog.system.mapper.ClientUserMapper.insert - <==    Updates: 1
2017-01-04 17:06:09,423 [qtp1432535753-47] DEBUG com.ldsh.blog.system.mapper.ClientUserMapper.selectByExample - ==>  Preparing: select ID, BCU_USER_NAME, BCU_PASSWORD, BCU_NAME, BCU_SEX, BCU_ADDRESS, BCU_DIRTHDAY, BCU_MOBILE, BCU_MAIL, BCU_WECHAT, BCU_STATUS, BCU_SKETCH, BCU_ENCRYPT_SALT, BCU_CREATE_TIME, BCU_OPERATE_TIME, BCU_ACTIVATE_TIME, BCU_PASSWORD_MODIFY_TIME from blog_client_user WHERE ( BCU_USER_NAME = ? ) 
2017-01-04 17:06:09,423 [qtp1432535753-47] DEBUG com.ldsh.blog.system.mapper.ClientUserMapper.selectByExample - ==> Parameters: 论倾添(String)
2017-01-04 17:06:09,432 [qtp1432535753-47] DEBUG com.ldsh.blog.system.mapper.ClientUserMapper.selectByExample - <==      Total: 1
2017-01-04 17:09:14,142 [qtp1432535753-65] DEBUG com.ldsh.blog.system.mapper.ClientUserMapper.selectByExample - ==>  Preparing: select ID, BCU_USER_NAME, BCU_PASSWORD, BCU_NAME, BCU_SEX, BCU_ADDRESS, BCU_DIRTHDAY, BCU_MOBILE, BCU_MAIL, BCU_WECHAT, BCU_STATUS, BCU_SKETCH, BCU_ENCRYPT_SALT, BCU_CREATE_TIME, BCU_OPERATE_TIME, BCU_ACTIVATE_TIME, BCU_PASSWORD_MODIFY_TIME from blog_client_user WHERE ( BCU_USER_NAME = ? ) 
2017-01-04 17:09:14,143 [qtp1432535753-65] DEBUG com.ldsh.blog.system.mapper.ClientUserMapper.selectByExample - ==> Parameters: 论倾添(String)
2017-01-04 17:09:14,147 [qtp1432535753-65] DEBUG com.ldsh.blog.system.mapper.ClientUserMapper.selectByExample - <==      Total: 1
2017-01-04 17:09:48,630 [main] INFO  com.alibaba.druid.pool.DruidDataSource - {dataSource-1} inited
2017-01-04 17:10:42,892 [qtp1153329578-50] DEBUG com.ldsh.blog.system.mapper.ClientUserMapper.selectByExample - ==>  Preparing: select ID, BCU_USER_NAME, BCU_PASSWORD, BCU_NAME, BCU_SEX, BCU_ADDRESS, BCU_DIRTHDAY, BCU_MOBILE, BCU_MAIL, BCU_WECHAT, BCU_STATUS, BCU_SKETCH, BCU_ENCRYPT_SALT, BCU_CREATE_TIME, BCU_OPERATE_TIME, BCU_ACTIVATE_TIME, BCU_PASSWORD_MODIFY_TIME from blog_client_user WHERE ( BCU_USER_NAME = ? ) 
2017-01-04 17:10:42,927 [qtp1153329578-50] DEBUG com.ldsh.blog.system.mapper.ClientUserMapper.selectByExample - ==> Parameters: 论倾添(String)
2017-01-04 17:10:42,949 [qtp1153329578-50] DEBUG com.ldsh.blog.system.mapper.ClientUserMapper.selectByExample - <==      Total: 1
2017-01-04 17:10:48,528 [qtp1153329578-63] DEBUG com.ldsh.blog.system.mapper.ClientUserMapper.selectByExample - ==>  Preparing: select ID, BCU_USER_NAME, BCU_PASSWORD, BCU_NAME, BCU_SEX, BCU_ADDRESS, BCU_DIRTHDAY, BCU_MOBILE, BCU_MAIL, BCU_WECHAT, BCU_STATUS, BCU_SKETCH, BCU_ENCRYPT_SALT, BCU_CREATE_TIME, BCU_OPERATE_TIME, BCU_ACTIVATE_TIME, BCU_PASSWORD_MODIFY_TIME from blog_client_user WHERE ( BCU_USER_NAME = ? ) 
2017-01-04 17:10:48,531 [qtp1153329578-63] DEBUG com.ldsh.blog.system.mapper.ClientUserMapper.selectByExample - ==> Parameters: 论倾添(String)
2017-01-04 17:10:48,536 [qtp1153329578-63] DEBUG com.ldsh.blog.system.mapper.ClientUserMapper.selectByExample - <==      Total: 1
2017-01-04 17:14:36,696 [qtp1153329578-63] DEBUG com.ldsh.blog.system.mapper.ClientUserMapper.selectByExample - ==>  Preparing: select ID, BCU_USER_NAME, BCU_PASSWORD, BCU_NAME, BCU_SEX, BCU_ADDRESS, BCU_DIRTHDAY, BCU_MOBILE, BCU_MAIL, BCU_WECHAT, BCU_STATUS, BCU_SKETCH, BCU_ENCRYPT_SALT, BCU_CREATE_TIME, BCU_OPERATE_TIME, BCU_ACTIVATE_TIME, BCU_PASSWORD_MODIFY_TIME from blog_client_user WHERE ( BCU_USER_NAME = ? ) 
2017-01-04 17:14:36,697 [qtp1153329578-63] DEBUG com.ldsh.blog.system.mapper.ClientUserMapper.selectByExample - ==> Parameters: 论倾添(String)
2017-01-04 17:14:36,699 [qtp1153329578-63] DEBUG com.ldsh.blog.system.mapper.ClientUserMapper.selectByExample - <==      Total: 1
2017-01-04 17:16:48,254 [main] INFO  com.alibaba.druid.pool.DruidDataSource - {dataSource-1} inited
2017-01-04 17:18:22,608 [qtp1914285129-52] DEBUG com.ldsh.blog.system.mapper.ClientUserMapper.selectByExample - ==>  Preparing: select ID, BCU_USER_NAME, BCU_PASSWORD, BCU_NAME, BCU_SEX, BCU_ADDRESS, BCU_DIRTHDAY, BCU_MOBILE, BCU_MAIL, BCU_WECHAT, BCU_STATUS, BCU_SKETCH, BCU_ENCRYPT_SALT, BCU_CREATE_TIME, BCU_OPERATE_TIME, BCU_ACTIVATE_TIME, BCU_PASSWORD_MODIFY_TIME from blog_client_user WHERE ( BCU_USER_NAME = ? ) 
2017-01-04 17:18:22,648 [qtp1914285129-52] DEBUG com.ldsh.blog.system.mapper.ClientUserMapper.selectByExample - ==> Parameters: 论倾添(String)
2017-01-04 17:18:22,752 [qtp1914285129-52] DEBUG com.ldsh.blog.system.mapper.ClientUserMapper.selectByExample - <==      Total: 1
2017-01-04 17:22:00,198 [qtp1914285129-46] DEBUG com.ldsh.blog.system.mapper.ClientUserMapper.selectByExample - ==>  Preparing: select ID, BCU_USER_NAME, BCU_PASSWORD, BCU_NAME, BCU_SEX, BCU_ADDRESS, BCU_DIRTHDAY, BCU_MOBILE, BCU_MAIL, BCU_WECHAT, BCU_STATUS, BCU_SKETCH, BCU_ENCRYPT_SALT, BCU_CREATE_TIME, BCU_OPERATE_TIME, BCU_ACTIVATE_TIME, BCU_PASSWORD_MODIFY_TIME from blog_client_user WHERE ( BCU_USER_NAME = ? ) 
2017-01-04 17:22:00,200 [qtp1914285129-46] DEBUG com.ldsh.blog.system.mapper.ClientUserMapper.selectByExample - ==> Parameters: 论倾添(String)
2017-01-04 17:22:00,203 [qtp1914285129-46] DEBUG com.ldsh.blog.system.mapper.ClientUserMapper.selectByExample - <==      Total: 1
2017-01-04 17:24:25,862 [qtp1914285129-53] DEBUG com.ldsh.blog.system.mapper.ClientUserMapper.selectByExample - ==>  Preparing: select ID, BCU_USER_NAME, BCU_PASSWORD, BCU_NAME, BCU_SEX, BCU_ADDRESS, BCU_DIRTHDAY, BCU_MOBILE, BCU_MAIL, BCU_WECHAT, BCU_STATUS, BCU_SKETCH, BCU_ENCRYPT_SALT, BCU_CREATE_TIME, BCU_OPERATE_TIME, BCU_ACTIVATE_TIME, BCU_PASSWORD_MODIFY_TIME from blog_client_user WHERE ( BCU_USER_NAME = ? ) 
2017-01-04 17:24:25,863 [qtp1914285129-53] DEBUG com.ldsh.blog.system.mapper.ClientUserMapper.selectByExample - ==> Parameters: 论倾添(String)
2017-01-04 17:24:25,866 [qtp1914285129-53] DEBUG com.ldsh.blog.system.mapper.ClientUserMapper.selectByExample - <==      Total: 1
2017-01-04 17:26:22,236 [main] INFO  com.alibaba.druid.pool.DruidDataSource - {dataSource-1} inited
2017-01-04 17:26:36,929 [qtp1428049005-52] DEBUG com.ldsh.blog.system.mapper.ClientUserMapper.selectByExample - ==>  Preparing: select ID, BCU_USER_NAME, BCU_PASSWORD, BCU_NAME, BCU_SEX, BCU_ADDRESS, BCU_DIRTHDAY, BCU_MOBILE, BCU_MAIL, BCU_WECHAT, BCU_STATUS, BCU_SKETCH, BCU_ENCRYPT_SALT, BCU_CREATE_TIME, BCU_OPERATE_TIME, BCU_ACTIVATE_TIME, BCU_PASSWORD_MODIFY_TIME from blog_client_user WHERE ( BCU_USER_NAME = ? ) 
2017-01-04 17:26:36,963 [qtp1428049005-52] DEBUG com.ldsh.blog.system.mapper.ClientUserMapper.selectByExample - ==> Parameters: 论倾添(String)
2017-01-04 17:26:36,983 [qtp1428049005-52] DEBUG com.ldsh.blog.system.mapper.ClientUserMapper.selectByExample - <==      Total: 1
2017-01-04 17:28:16,166 [main] INFO  com.alibaba.druid.pool.DruidDataSource - {dataSource-1} inited
2017-01-04 17:28:30,811 [qtp1650105437-61] DEBUG com.ldsh.blog.system.mapper.ClientUserMapper.selectByExample - ==>  Preparing: select ID, BCU_USER_NAME, BCU_PASSWORD, BCU_NAME, BCU_SEX, BCU_ADDRESS, BCU_DIRTHDAY, BCU_MOBILE, BCU_MAIL, BCU_WECHAT, BCU_STATUS, BCU_SKETCH, BCU_ENCRYPT_SALT, BCU_CREATE_TIME, BCU_OPERATE_TIME, BCU_ACTIVATE_TIME, BCU_PASSWORD_MODIFY_TIME from blog_client_user WHERE ( BCU_USER_NAME = ? ) 
2017-01-04 17:28:30,851 [qtp1650105437-61] DEBUG com.ldsh.blog.system.mapper.ClientUserMapper.selectByExample - ==> Parameters: 论倾添(String)
2017-01-04 17:28:30,883 [qtp1650105437-61] DEBUG com.ldsh.blog.system.mapper.ClientUserMapper.selectByExample - <==      Total: 1
2017-01-04 17:31:29,222 [qtp1650105437-48] DEBUG com.ldsh.blog.system.mapper.AdminUserMapper.selectByExample - ==>  Preparing: select ID, BAU_USER_NAME, BAU_PASSWORD, BAU_NAME, BAU_SEX, BAU_ADDRESS, BAU_DIRTHDAY, BAU_MOBILE, BAU_MAIL, BAU_WECHAT, BAU_SKETCH, BAU_STATUS, BAU_ENCRYPT_SALT, BAU_CREATE_TIME, BAU_OPERATE_TIME, BAU_ACTIVATE_TIME, BAU_PASSWORD_MODIFY_TIME from blog_admin_user WHERE ( BAU_USER_NAME = ? ) 
2017-01-04 17:31:29,223 [qtp1650105437-48] DEBUG com.ldsh.blog.system.mapper.AdminUserMapper.selectByExample - ==> Parameters: 论倾添(String)
2017-01-04 17:31:29,301 [qtp1650105437-48] DEBUG com.ldsh.blog.system.mapper.AdminUserMapper.selectByExample - <==      Total: 1
2017-01-04 17:31:32,520 [qtp1650105437-52] DEBUG com.ldsh.blog.system.mapper.ResourceMapper.selectHomeResources - ==>  Preparing: SELECT a.BR_NAME ROOT_NAME,a.ID ROOT_ID ,b.ID,b.BR_NAME,b.BR_URL,b.BR_STATUS,b.BR_LEVEL,b.BR_PARENT_ID FROM blog_resource a LEFT JOIN blog_resource b ON a.ID = b.BR_PARENT_ID WHERE a.BR_LEVEL = 0 AND a.BR_STATUS = 0 
2017-01-04 17:31:32,520 [qtp1650105437-52] DEBUG com.ldsh.blog.system.mapper.ResourceMapper.selectHomeResources - ==> Parameters: 
2017-01-04 17:31:32,845 [qtp1650105437-52] DEBUG com.ldsh.blog.system.mapper.ResourceMapper.selectHomeResources - <==      Total: 6
